validators
{
	"Address": "0xd87467296ccebfbfb37e4969c7328dbf4f7253fb",
	"Nodekey": "c2dc8edc1b18babc553b77b0774dfa34aedbfb78bbe110f991f6f66a379af320",
	"NodeInfo": "enode://f525a2da34daa77ad899681c92d9f235df3e9e308f5ecdcd084bd40286e074b1023fcde944845bb28a5753748873e54f7d59d62d05063ab44a8a7bbf2c760c47@0.0.0.0:30303?discport=0"
}
{
	"Address": "0x6be766e9077b07542aa12099aec1adc88a1477b9",
	"Nodekey": "9352ff05541d372ab5a0f8fa9901fbad6e1fa065e8bca00c0dd2aeff0d6e9c2b",
	"NodeInfo": "enode://7b687278d2dc63f3814f917e1302e820b5c809541f9a95581cb97ad5b62b024926e96a60acb4816e3dda2c2691f3f33f7beda3407d7e902af1b4be975dc19deb@0.0.0.0:30303?discport=0"
}
{
	"Address": "0xa5297353bc9209c2dbe19d4ff1b4bdfc64777f86",
	"Nodekey": "cdd0d71e09fdc20011550c26f1b34236e73732a4e8dd0b31a63c0ed678097a69",
	"NodeInfo": "enode://7d484b0d54588dfa83adf4a64dcc2f31c96268a3f48686802132768418b66073d36d460e28ef4ee8a69f5b296d9246540f15784b1b2536c7db123643fd993970@0.0.0.0:30303?discport=0"
}
{
	"Address": "0x47a2a6678e94ff94e5fd307860bfa82a74814bdd",
	"Nodekey": "8d141df77552d7e6b74a5db35f0232319e2b5c63fdf5a0c0a5f0942a79bd1424",
	"NodeInfo": "enode://2e2bb98e7b8d8a60f6af7603d92b9df8dc5e464846d4d4f9c39f029a97d030d5f91ccba455150a90ddfa066c4381a3e5dca182ee412b49d51fb9f45249705e97@0.0.0.0:30303?discport=0"
}



static-nodes.json
[
	"enode://f525a2da34daa77ad899681c92d9f235df3e9e308f5ecdcd084bd40286e074b1023fcde944845bb28a5753748873e54f7d59d62d05063ab44a8a7bbf2c760c47@0.0.0.0:30303?discport=0",
	"enode://7b687278d2dc63f3814f917e1302e820b5c809541f9a95581cb97ad5b62b024926e96a60acb4816e3dda2c2691f3f33f7beda3407d7e902af1b4be975dc19deb@0.0.0.0:30303?discport=0",
	"enode://7d484b0d54588dfa83adf4a64dcc2f31c96268a3f48686802132768418b66073d36d460e28ef4ee8a69f5b296d9246540f15784b1b2536c7db123643fd993970@0.0.0.0:30303?discport=0",
	"enode://2e2bb98e7b8d8a60f6af7603d92b9df8dc5e464846d4d4f9c39f029a97d030d5f91ccba455150a90ddfa066c4381a3e5dca182ee412b49d51fb9f45249705e97@0.0.0.0:30303?discport=0"
]



genesis.json
{
    "config": {
        "chainId": 10,
        "homesteadBlock": 0,
        "eip150Block": 0,
        "eip150Hash": "0x0000000000000000000000000000000000000000000000000000000000000000",
        "eip155Block": 0,
        "eip158Block": 0,
        "byzantiumBlock": 0,
        "constantinopleBlock": 0,
        "petersburgBlock": 0,
        "istanbulBlock": 0,
        "istanbul": {
            "epoch": 30000,
            "policy": 0,
            "ceil2Nby3Block": 0
        },
        "txnSizeLimit": 64,
        "maxCodeSize": 0,
        "qip714Block": 0,
        "isMPS": false,
        "isQuorum": true
    },
    "nonce": "0x0",
    "timestamp": "0x6895b0fb",
    "extraData": "0x0000000000000000000000000000000000000000000000000000000000000000f89af85494d87467296ccebfbfb37e4969c7328dbf4f7253fb946be766e9077b07542aa12099aec1adc88a1477b994a5297353bc9209c2dbe19d4ff1b4bdfc64777f869447a2a6678e94ff94e5fd307860bfa82a74814bddb8410000000000000000000000000000000000000000000000000000000000000000000000000000000000000000000000000000000000000000000000000000000000c0",
    "gasLimit": "0xe0000000",
    "difficulty": "0x1",
    "mixHash": "0x63746963616c2062797a616e74696e65206661756c7420746f6c6572616e6365",
    "coinbase": "0x0000000000000000000000000000000000000000",
    "alloc": {
        "47a2a6678e94ff94e5fd307860bfa82a74814bdd": {
            "balance": "0x446c3b15f9926687d2c40534fdb564000000000000"
        },
        "6be766e9077b07542aa12099aec1adc88a1477b9": {
            "balance": "0x446c3b15f9926687d2c40534fdb564000000000000"
        },
        "a5297353bc9209c2dbe19d4ff1b4bdfc64777f86": {
            "balance": "0x446c3b15f9926687d2c40534fdb564000000000000"
        },
        "d87467296ccebfbfb37e4969c7328dbf4f7253fb": {
            "balance": "0x446c3b15f9926687d2c40534fdb564000000000000"
        }
    },
    "number": "0x0",
    "gasUsed": "0x0",
    "parentHash": "0x0000000000000000000000000000000000000000000000000000000000000000"
}
validators
{
	"Address": "0x93edf0d642a9aa88ec3f395790a2cf94c7604149",
	"Nodekey": "5c887926924e00f5bce8f85d869199d0654f8ed67cc3919de1fe41629bc54666",
	"NodeInfo": "enode://1d242dc58f41193a46438a5ffb7a2828e85ab400ae97c7c7c9d20cf58980f3f53b751d6f53559d7e41795a51fbb886bcdac03c861f9848ab90a8ba61ffd2701f@0.0.0.0:30303?discport=0"
}
{
	"Address": "0x161ca550ffa2ca322cb1edc820ab97a4df3d38d6",
	"Nodekey": "83a7aa909b7091edbf5f1acdc8a821b9a1e1431c8941f4e32b3665d0b5a42f02",
	"NodeInfo": "enode://a925cc46c2853a6c358e7721903116b72307171b5de27e33e1a08885c999de1f8a1b5a1d8c5624f5ca6edb15b974c85fd6f2b923fe31c3e74e6882edf8da5c15@0.0.0.0:30303?discport=0"
}
{
	"Address": "0xaedbd39175852886526649ebcb589d11f73d1d45",
	"Nodekey": "af67b4712e3daf94e7372b01fec04ada0062f17b23118f0ab80ab99b39795985",
	"NodeInfo": "enode://848fee2a4eaa59befc03c9c675a0bec24ffd48b62c2aa5665b3aefc549c3bf8cf6693d3f5f8269d3b8c0690668f7e2f0a5a7ac944d94aa738d22cc5706b52d9b@0.0.0.0:30303?discport=0"
}
{
	"Address": "0xf5ad436c7d9208fe97a949d43de7f46e472c0ac4",
	"Nodekey": "aa10cfe50e29450bda60faeecfef90275157c4703499e6bc60d80dbc0038c2d5",
	"NodeInfo": "enode://01702561f72c1fb13e9820de5f48797236e8edcd69bdddda3fee83a5c14b16e11455e58560b926b327a6f390548c691131e2332597b06f0e2e311a93d1f525ec@0.0.0.0:30303?discport=0"
}



static-nodes.json
[
	"enode://1d242dc58f41193a46438a5ffb7a2828e85ab400ae97c7c7c9d20cf58980f3f53b751d6f53559d7e41795a51fbb886bcdac03c861f9848ab90a8ba61ffd2701f@0.0.0.0:30303?discport=0",
	"enode://a925cc46c2853a6c358e7721903116b72307171b5de27e33e1a08885c999de1f8a1b5a1d8c5624f5ca6edb15b974c85fd6f2b923fe31c3e74e6882edf8da5c15@0.0.0.0:30303?discport=0",
	"enode://848fee2a4eaa59befc03c9c675a0bec24ffd48b62c2aa5665b3aefc549c3bf8cf6693d3f5f8269d3b8c0690668f7e2f0a5a7ac944d94aa738d22cc5706b52d9b@0.0.0.0:30303?discport=0",
	"enode://01702561f72c1fb13e9820de5f48797236e8edcd69bdddda3fee83a5c14b16e11455e58560b926b327a6f390548c691131e2332597b06f0e2e311a93d1f525ec@0.0.0.0:30303?discport=0"
]



genesis.json
{
    "config": {
        "chainId": 10,
        "homesteadBlock": 0,
        "eip150Block": 0,
        "eip150Hash": "0x0000000000000000000000000000000000000000000000000000000000000000",
        "eip155Block": 0,
        "eip158Block": 0,
        "byzantiumBlock": 0,
        "constantinopleBlock": 0,
        "petersburgBlock": 0,
        "istanbulBlock": 0,
        "istanbul": {
            "epoch": 30000,
            "policy": 0,
            "ceil2Nby3Block": 0
        },
        "txnSizeLimit": 64,
        "maxCodeSize": 0,
        "qip714Block": 0,
        "isMPS": false,
        "isQuorum": true
    },
    "nonce": "0x0",
    "timestamp": "0x6895bbed",
    "extraData": "0x0000000000000000000000000000000000000000000000000000000000000000f89af8549493edf0d642a9aa88ec3f395790a2cf94c760414994161ca550ffa2ca322cb1edc820ab97a4df3d38d694aedbd39175852886526649ebcb589d11f73d1d4594f5ad436c7d9208fe97a949d43de7f46e472c0ac4b8410000000000000000000000000000000000000000000000000000000000000000000000000000000000000000000000000000000000000000000000000000000000c0",
    "gasLimit": "0xe0000000",
    "difficulty": "0x1",
    "mixHash": "0x63746963616c2062797a616e74696e65206661756c7420746f6c6572616e6365",
    "coinbase": "0x0000000000000000000000000000000000000000",
    "alloc": {
        "161ca550ffa2ca322cb1edc820ab97a4df3d38d6": {
            "balance": "0x446c3b15f9926687d2c40534fdb564000000000000"
        },
        "93edf0d642a9aa88ec3f395790a2cf94c7604149": {
            "balance": "0x446c3b15f9926687d2c40534fdb564000000000000"
        },
        "aedbd39175852886526649ebcb589d11f73d1d45": {
            "balance": "0x446c3b15f9926687d2c40534fdb564000000000000"
        },
        "f5ad436c7d9208fe97a949d43de7f46e472c0ac4": {
            "balance": "0x446c3b15f9926687d2c40534fdb564000000000000"
        }
    },
    "number": "0x0",
    "gasUsed": "0x0",
    "parentHash": "0x0000000000000000000000000000000000000000000000000000000000000000"
}
