 

Your new key was generated

Public address of the key:   0xefe94b57E4239ACc37b762d0eDBB80A96A085180
Path of the secret key file: node0/data/keystore/UTC--2025-08-08T08-57-17.513715000Z--efe94b57e4239acc37b762d0edbb80a96a085180

- You can share your public address with anyone. Others need it to interact with you.
- You must NEVER share the secret key with anyone! The key controls access to your funds!
- You must BACKUP your key file! Without the key, it's impossible to access account funds!
- You must REMEMBER your password! Without the password, it's impossible to decrypt the key!

 

Your new key was generated

Public address of the key:   0x7730370c8E03Af364779B2B89908d38B13ADB6ca
Path of the secret key file: node1/data/keystore/UTC--2025-08-08T08-57-19.746713000Z--7730370c8e03af364779b2b89908d38b13adb6ca

- You can share your public address with anyone. Others need it to interact with you.
- You must NEVER share the secret key with anyone! The key controls access to your funds!
- You must BACKUP your key file! Without the key, it's impossible to access account funds!
- You must REMEMBER your password! Without the password, it's impossible to decrypt the key!

 

Your new key was generated

Public address of the key:   0x7DFA5C53eE15f95C2BaF8713d3cC7B0639d96b75
Path of the secret key file: node2/data/keystore/UTC--2025-08-08T08-57-21.796447000Z--7dfa5c53ee15f95c2baf8713d3cc7b0639d96b75

- You can share your public address with anyone. Others need it to interact with you.
- You must NEVER share the secret key with anyone! The key controls access to your funds!
- You must BACKUP your key file! Without the key, it's impossible to access account funds!
- You must REMEMBER your password! Without the password, it's impossible to decrypt the key!

 

Your new key was generated

Public address of the key:   0x89810c85f37c893703b1E89bB53528977809040C
Path of the secret key file: node3/data/keystore/UTC--2025-08-08T08-57-24.012464000Z--89810c85f37c893703b1e89bb53528977809040c

- You can share your public address with anyone. Others need it to interact with you.
- You must NEVER share the secret key with anyone! The key controls access to your funds!
- You must BACKUP your key file! Without the key, it's impossible to access account funds!
- You must REMEMBER your password! Without the password, it's impossible to decrypt the key!

